<?xml version="1.0" encoding="UTF-8" ?>
<testsuites>
  <testsuite errors="0" failures="0" hostname="RamJi-PC" id="0" name="BillTests" package="BankServices" tests="6" time="1.56" timestamp="2011-11-22T05:37:06">
      <properties />

      <testcase classname="BankServices.BillTests" name="testempty" time="0.796" />

      <testcase classname="BankServices.BillTests" name="testblank" time="0.109" />

      <testcase classname="BankServices.BillTests" name="testmin" time="0.016" />

      <testcase classname="BankServices.BillTests" name="testdueDate" time="0.015" />

      <testcase classname="BankServices.BillTests" name="testinList" time="0.016" />

      <testcase classname="BankServices.BillTests" name="testSomething" time="0.593" />

      <system-out><![CDATA[--Output from testempty--
--Output from testblank--
--Output from testmin--
--Output from testdueDate--
--Output from testinList--
--Output from testSomething--
]]></system-out>

      <system-err><![CDATA[--Output from testempty--
--Output from testblank--
--Output from testmin--
--Output from testdueDate--
--Output from testinList--
--Output from testSomething--
]]></system-err>

  </testsuite>
</testsuites>
